This is pdfTeX, Version 3.141592653-2.6-1.40.27 (TeX Live 2025) (preloaded format=pdflatex 2025.7.18)  9 JUN 2026 00:28
entering extended mode
 restricted \write18 enabled.
 %&-line parsing enabled.
**himanshu-singh-resume.tex
(./himanshu-singh-resume.tex
LaTeX2e <2024-11-01> patch level 2
L3 programming layer <2025-01-18>
(/usr/local/texlive/2025/texmf-dist/tex/latex/base/article.cls
Document Class: article 2024/06/29 v1.4n Standard LaTeX document class
(/usr/local/texlive/2025/texmf-dist/tex/latex/base/size11.clo
File: size11.clo 2024/06/29 v1.4n Standard LaTeX file (size option)
)
\c@part=\count196
\c@section=\count197
\c@subsection=\count198
\c@subsubsection=\count199
\c@paragraph=\count266
\c@subparagraph=\count267
\c@figure=\count268
\c@table=\count269
\abovecaptionskip=\skip49
\belowcaptionskip=\skip50
\bibindent=\dimen141
)
(/usr/local/texlive/2025/texmf-dist/tex/latex/base/latexsym.sty
Package: latexsym 1998/08/17 v2.2e Standard LaTeX package (lasy symbols)
\symlasy=\mathgroup4
LaTeX Font Info:    Overwriting symbol font `lasy' in version `bold'
(Font)                  U/lasy/m/n --> U/lasy/b/n on input line 52.
)
(/usr/local/texlive/2025/texmf-dist/tex/latex/preprint/fullpage.sty
Package: fullpage 1999/02/23 1.1 (PWD)
\FP@margin=\skip51
)
(/usr/local/texlive/2025/texmf-dist/tex/latex/titlesec/titlesec.sty
Package: titlesec 2025/01/04 v2.17 Sectioning titles
\ttl@box=\box52
\beforetitleunit=\skip52
\aftertitleunit=\skip53
\ttl@plus=\dimen142
\ttl@minus=\dimen143
\ttl@toksa=\toks17
\titlewidth=\dimen144
\titlewidthlast=\dimen145
\titlewidthfirst=\dimen146
)
(/usr/local/texlive/2025/texmf-dist/tex/latex/marvosym/marvosym.sty
Package: marvosym 2011/07/20 v2.2 Martin Vogel's Symbols font definitions
)
(/usr/local/texlive/2025/texmf-dist/tex/latex/graphics/color.sty
Package: color 2024/06/23 v1.3e Standard LaTeX Color (DPC)

(/usr/local/texlive/2025/texmf-dist/tex/latex/graphics-cfg/color.cfg
File: color.cfg 2016/01/02 v1.6 sample color configuration
)
Package color Info: Driver file: pdftex.def on input line 149.

(/usr/local/texlive/2025/texmf-dist/tex/latex/graphics-def/pdftex.def
File: pdftex.def 2024/04/13 v1.2c Graphics/color driver for pdftex
)
(/usr/local/texlive/2025/texmf-dist/tex/latex/graphics/dvipsnam.def
File: dvipsnam.def 2016/06/17 v3.0m Driver-dependent file (DPC,SPQR)
)
(/usr/local/texlive/2025/texmf-dist/tex/latex/graphics/mathcolor.ltx))
(/usr/local/texlive/2025/texmf-dist/tex/latex/tools/verbatim.sty
Package: verbatim 2024-01-22 v1.5x LaTeX2e package for verbatim enhancements
\every@verbatim=\toks18
\verbatim@line=\toks19
\verbatim@in@stream=\read2
)
(/usr/local/texlive/2025/texmf-dist/tex/latex/enumitem/enumitem.sty
Package: enumitem 2025/02/06 v3.11 Customized lists
\enitkv@toks@=\toks20
\labelindent=\skip54
\enit@outerparindent=\dimen147
\enit@toks=\toks21
\enit@inbox=\box53
\enit@count@id=\count270
\enitdp@description=\count271
)
(/usr/local/texlive/2025/texmf-dist/tex/latex/hyperref/hyperref.sty
Package: hyperref 2024-11-05 v7.01l Hypertext links for LaTeX

(/usr/local/texlive/2025/texmf-dist/tex/generic/iftex/iftex.sty
Package: iftex 2024/12/12 v1.0g TeX engine tests
)
(/usr/local/texlive/2025/texmf-dist/tex/latex/graphics/keyval.sty
Package: keyval 2022/05/29 v1.15 key=value parser (DPC)
\KV@toks@=\toks22
)
(/usr/local/texlive/2025/texmf-dist/tex/latex/kvsetkeys/kvsetkeys.sty
Package: kvsetkeys 2022-10-05 v1.19 Key value parser (HO)
)
(/usr/local/texlive/2025/texmf-dist/tex/generic/kvdefinekeys/kvdefinekeys.sty
Package: kvdefinekeys 2019-12-19 v1.6 Define keys (HO)
)
(/usr/local/texlive/2025/texmf-dist/tex/generic/pdfescape/pdfescape.sty
Package: pdfescape 2019/12/09 v1.15 Implements pdfTeX's escape features (HO)

(/usr/local/texlive/2025/texmf-dist/tex/generic/ltxcmds/ltxcmds.sty
Package: ltxcmds 2023-12-04 v1.26 LaTeX kernel commands for general use (HO)
)
(/usr/local/texlive/2025/texmf-dist/tex/generic/pdftexcmds/pdftexcmds.sty
Package: pdftexcmds 2020-06-27 v0.33 Utility functions of pdfTeX for LuaTeX (HO
)

(/usr/local/texlive/2025/texmf-dist/tex/generic/infwarerr/infwarerr.sty
Package: infwarerr 2019/12/03 v1.5 Providing info/warning/error messages (HO)
)
Package pdftexcmds Info: \pdf@primitive is available.
Package pdftexcmds Info: \pdf@ifprimitive is available.
Package pdftexcmds Info: \pdfdraftmode found.
))
(/usr/local/texlive/2025/texmf-dist/tex/latex/hycolor/hycolor.sty
Package: hycolor 2020-01-27 v1.10 Color options for hyperref/bookmark (HO)
)
(/usr/local/texlive/2025/texmf-dist/tex/latex/hyperref/nameref.sty
Package: nameref 2023-11-26 v2.56 Cross-referencing by name of section

(/usr/local/texlive/2025/texmf-dist/tex/latex/refcount/refcount.sty
Package: refcount 2019/12/15 v3.6 Data extraction from label references (HO)
)
(/usr/local/texlive/2025/texmf-dist/tex/generic/gettitlestring/gettitlestring.s
ty
Package: gettitlestring 2019/12/15 v1.6 Cleanup title references (HO)
 (/usr/local/texlive/2025/texmf-dist/tex/latex/kvoptions/kvoptions.sty
Package: kvoptions 2022-06-15 v3.15 Key value format for package options (HO)
))
\c@section@level=\count272
)
(/usr/local/texlive/2025/texmf-dist/tex/latex/etoolbox/etoolbox.sty
Package: etoolbox 2025/02/11 v2.5l e-TeX tools for LaTeX (JAW)
\etb@tempcnta=\count273
)
(/usr/local/texlive/2025/texmf-dist/tex/generic/stringenc/stringenc.sty
Package: stringenc 2019/11/29 v1.12 Convert strings between diff. encodings (HO
)
)
\@linkdim=\dimen148
\Hy@linkcounter=\count274
\Hy@pagecounter=\count275

(/usr/local/texlive/2025/texmf-dist/tex/latex/hyperref/pd1enc.def
File: pd1enc.def 2024-11-05 v7.01l Hyperref: PDFDocEncoding definition (HO)
Now handling font encoding PD1 ...
... no UTF-8 mapping file for font encoding PD1
)
(/usr/local/texlive/2025/texmf-dist/tex/generic/intcalc/intcalc.sty
Package: intcalc 2019/12/15 v1.3 Expandable calculations with integers (HO)
)
\Hy@SavedSpaceFactor=\count276

(/usr/local/texlive/2025/texmf-dist/tex/latex/hyperref/puenc.def
File: puenc.def 2024-11-05 v7.01l Hyperref: PDF Unicode definition (HO)
Now handling font encoding PU ...
... no UTF-8 mapping file for font encoding PU
)
Package hyperref Info: Hyper figures OFF on input line 4157.
Package hyperref Info: Link nesting OFF on input line 4162.
Package hyperref Info: Hyper index ON on input line 4165.
Package hyperref Info: Plain pages OFF on input line 4172.
Package hyperref Info: Backreferencing OFF on input line 4177.
Package hyperref Info: Implicit mode ON; LaTeX internals redefined.
Package hyperref Info: Bookmarks ON on input line 4424.
\c@Hy@tempcnt=\count277

(/usr/local/texlive/2025/texmf-dist/tex/latex/url/url.sty
\Urlmuskip=\muskip17
Package: url 2013/09/16  ver 3.4  Verb mode for urls, etc.
)
LaTeX Info: Redefining \url on input line 4763.
\XeTeXLinkMargin=\dimen149

(/usr/local/texlive/2025/texmf-dist/tex/generic/bitset/bitset.sty
Package: bitset 2019/12/09 v1.3 Handle bit-vector datatype (HO)

(/usr/local/texlive/2025/texmf-dist/tex/generic/bigintcalc/bigintcalc.sty
Package: bigintcalc 2019/12/15 v1.5 Expandable calculations on big integers (HO
)
))
\Fld@menulength=\count278
\Field@Width=\dimen150
\Fld@charsize=\dimen151
Package hyperref Info: Hyper figures OFF on input line 6042.
Package hyperref Info: Link nesting OFF on input line 6047.
Package hyperref Info: Hyper index ON on input line 6050.
Package hyperref Info: backreferencing OFF on input line 6057.
Package hyperref Info: Link coloring OFF on input line 6062.
Package hyperref Info: Link coloring with OCG OFF on input line 6067.
Package hyperref Info: PDF/A mode OFF on input line 6072.

(/usr/local/texlive/2025/texmf-dist/tex/latex/base/atbegshi-ltx.sty
Package: atbegshi-ltx 2021/01/10 v1.0c Emulation of the original atbegshi
package with kernel methods
)
\Hy@abspage=\count279
\c@Item=\count280
\c@Hfootnote=\count281
)
Package hyperref Info: Driver (autodetected): hpdftex.

(/usr/local/texlive/2025/texmf-dist/tex/latex/hyperref/hpdftex.def
File: hpdftex.def 2024-11-05 v7.01l Hyperref driver for pdfTeX

(/usr/local/texlive/2025/texmf-dist/tex/latex/base/atveryend-ltx.sty
Package: atveryend-ltx 2020/08/19 v1.0a Emulation of the original atveryend pac
kage
with kernel methods
)
\Fld@listcount=\count282
\c@bookmark@seq@number=\count283

(/usr/local/texlive/2025/texmf-dist/tex/latex/rerunfilecheck/rerunfilecheck.sty
Package: rerunfilecheck 2022-07-10 v1.10 Rerun checks for auxiliary files (HO)

(/usr/local/texlive/2025/texmf-dist/tex/generic/uniquecounter/uniquecounter.sty
Package: uniquecounter 2019/12/15 v1.4 Provide unlimited unique counter (HO)
)
Package uniquecounter Info: New unique counter `rerunfilecheck' on input line 2
85.
)
\Hy@SectionHShift=\skip55
) (/usr/local/texlive/2025/texmf-dist/tex/latex/fancyhdr/fancyhdr.sty
Package: fancyhdr 2025/02/07 v5.2 Extensive control of page headers and footers

\f@nch@headwidth=\skip56
\f@nch@offset@elh=\skip57
\f@nch@offset@erh=\skip58
\f@nch@offset@olh=\skip59
\f@nch@offset@orh=\skip60
\f@nch@offset@elf=\skip61
\f@nch@offset@erf=\skip62
\f@nch@offset@olf=\skip63
\f@nch@offset@orf=\skip64
\f@nch@height=\skip65
\f@nch@footalignment=\skip66
\f@nch@widthL=\skip67
\f@nch@widthC=\skip68
\f@nch@widthR=\skip69
\@temptokenb=\toks23
)
(/usr/local/texlive/2025/texmf-dist/tex/generic/babel/babel.sty
Package: babel 2025/02/14 v25.4 The multilingual framework for pdfLaTeX, LuaLaT
eX and XeLaTeX
\babel@savecnt=\count284
\U@D=\dimen152
\l@unhyphenated=\language90

(/usr/local/texlive/2025/texmf-dist/tex/generic/babel/txtbabel.def)
\bbl@readstream=\read3
\bbl@dirlevel=\count285

(/usr/local/texlive/2025/texmf-dist/tex/generic/babel-english/english.ldf
Language: english 2017/06/06 v3.3r English support from the babel system
Package babel Info: Hyphen rules for 'canadian' set to \l@english
(babel)             (\language0). Reported on input line 102.
Package babel Info: Hyphen rules for 'australian' set to \l@ukenglish
(babel)             (\language22). Reported on input line 105.
Package babel Info: Hyphen rules for 'newzealand' set to \l@ukenglish
(babel)             (\language22). Reported on input line 108.
))
(/usr/local/texlive/2025/texmf-dist/tex/generic/babel/locale/en/babel-english.t
ex
Package babel Info: Importing font and identification data for english
(babel)             from babel-en.ini. Reported on input line 11.
) (/usr/local/texlive/2025/texmf-dist/tex/latex/tools/tabularx.sty
Package: tabularx 2023/12/11 v2.12a `tabularx' package (DPC)

(/usr/local/texlive/2025/texmf-dist/tex/latex/tools/array.sty
Package: array 2024/10/17 v2.6g Tabular extension package (FMi)
\col@sep=\dimen153
\ar@mcellbox=\box54
\extrarowheight=\dimen154
\NC@list=\toks24
\extratabsurround=\skip70
\backup@length=\skip71
\ar@cellbox=\box55
)
\TX@col@width=\dimen155
\TX@old@table=\dimen156
\TX@old@col=\dimen157
\TX@target=\dimen158
\TX@delta=\dimen159
\TX@cols=\count286
\TX@ftn=\toks25
)
(/usr/local/texlive/2025/texmf-dist/tex/latex/fontawesome5/fontawesome5.sty
(/usr/local/texlive/2025/texmf-dist/tex/latex/l3kernel/expl3.sty
Package: expl3 2025-01-18 L3 programming layer (loader) 

(/usr/local/texlive/2025/texmf-dist/tex/latex/l3backend/l3backend-pdftex.def
File: l3backend-pdftex.def 2024-05-08 L3 backend support: PDF output (pdfTeX)
\l__color_backend_stack_int=\count287
\l__pdf_internal_box=\box56
))
Package: fontawesome5 2022/05/02 v5.15.4 Font Awesome 5

(/usr/local/texlive/2025/texmf-dist/tex/latex/l3packages/l3keys2e/l3keys2e.sty
Package: l3keys2e 2024-08-16 LaTeX2e option processing using LaTeX3 keys
) (/usr/local/texlive/2025/texmf-dist/tex/latex/l3packages/xparse/xparse.sty
Package: xparse 2024-08-16 L3 Experimental document command parser
)
(/usr/local/texlive/2025/texmf-dist/tex/latex/fontawesome5/fontawesome5-generic
-helper.sty
Package: fontawesome5-generic-helper 2022/05/02 v5.15.4 non-uTeX helper for fon
tawesome5

(/usr/local/texlive/2025/texmf-dist/tex/latex/fontawesome5/fontawesome5-mapping
.def))) (/usr/local/texlive/2025/texmf-dist/tex/latex/fira/FiraMono.sty
Package: FiraMono 2022/09/17 (Bob Tennent and autoinst) Style file for Fira Mon
o fonts.

(/usr/local/texlive/2025/texmf-dist/tex/generic/iftex/ifxetex.sty
Package: ifxetex 2019/10/25 v0.7 ifxetex legacy package. Use iftex instead.
)
(/usr/local/texlive/2025/texmf-dist/tex/generic/iftex/ifluatex.sty
Package: ifluatex 2019/10/25 v1.5 ifluatex legacy package. Use iftex instead.
)
(/usr/local/texlive/2025/texmf-dist/tex/latex/xkeyval/xkeyval.sty
Package: xkeyval 2022/06/16 v2.9 package option processing (HA)

(/usr/local/texlive/2025/texmf-dist/tex/generic/xkeyval/xkeyval.tex
(/usr/local/texlive/2025/texmf-dist/tex/generic/xkeyval/xkvutils.tex
\XKV@toks=\toks26
\XKV@tempa@toks=\toks27
)
\XKV@depth=\count288
File: xkeyval.tex 2014/12/03 v2.7a key=value parser (HA)
))
(/usr/local/texlive/2025/texmf-dist/tex/latex/base/textcomp.sty
Package: textcomp 2024/04/24 v2.1b Standard LaTeX package
)
(/usr/local/texlive/2025/texmf-dist/tex/latex/base/fontenc.sty
Package: fontenc 2021/04/29 v2.0v Standard LaTeX package
)
(/usr/local/texlive/2025/texmf-dist/tex/latex/fontaxes/fontaxes.sty
Package: fontaxes 2020/07/21 v1.0e Font selection axes
LaTeX Info: Redefining \upshape on input line 29.
LaTeX Info: Redefining \itshape on input line 31.
LaTeX Info: Redefining \slshape on input line 33.
LaTeX Info: Redefining \swshape on input line 35.
LaTeX Info: Redefining \scshape on input line 37.
LaTeX Info: Redefining \sscshape on input line 39.
LaTeX Info: Redefining \ulcshape on input line 41.
LaTeX Info: Redefining \textsw on input line 47.
LaTeX Info: Redefining \textssc on input line 48.
LaTeX Info: Redefining \textulc on input line 49.
))
(/usr/local/texlive/2025/texmf-dist/tex/latex/contour/contour.sty
Package: contour 2004/11/18 v2.14 Print contoured text (HH, MH)

(/usr/local/texlive/2025/texmf-dist/tex/latex/graphics/trig.sty
Package: trig 2023/12/02 v1.11 sin cos tan (DPC)
)
\con@length=\skip72

Loading configuration file `contour.cfg'.
(/usr/local/texlive/2025/texmf-dist/tex/latex/contour/contour.cfg
File: contour.cfg 2004/11/18 v2.14 Print contoured text (HH, MH)
)
contour: Using driver file `pdftex.cnt'.
(/usr/local/texlive/2025/texmf-dist/tex/latex/contour/pdftex.cnt
File: pdftex.cnt 2004/11/18 v2.14 Print contoured text (HH, MH)
))
(/usr/local/texlive/2025/texmf-dist/tex/generic/ulem/ulem.sty
\UL@box=\box57
\UL@hyphenbox=\box58
\UL@skip=\skip73
\UL@hook=\toks28
\UL@height=\dimen160
\UL@pe=\count289
\UL@pixel=\dimen161
\ULC@box=\box59
Package: ulem 2019/11/18
\ULdepth=\dimen162
)
(/usr/local/texlive/2025/texmf-dist/tex/latex/tex-gyre/tgheros.sty
Package: tgheros 2009/09/27 v1.2 TeX Gyre Heros as default sans serif family
)
(/usr/local/texlive/2025/texmf-dist/tex/latex/base/fontenc.sty
Package: fontenc 2021/04/29 v2.0v Standard LaTeX package
LaTeX Font Info:    Trying to load font information for T1+qhv on input line 11
6.

(/usr/local/texlive/2025/texmf-dist/tex/latex/tex-gyre/t1qhv.fd
File: t1qhv.fd 2009/09/25 v1.2 font definition file for T1/qhv
))
(./himanshu-singh-resume.aux)
\openout1 = `himanshu-singh-resume.aux'.

LaTeX Font Info:    Checking defaults for OML/cmm/m/it on input line 136.
LaTeX Font Info:    ... okay on input line 136.
LaTeX Font Info:    Checking defaults for OMS/cmsy/m/n on input line 136.
LaTeX Font Info:    ... okay on input line 136.
LaTeX Font Info:    Checking defaults for OT1/cmr/m/n on input line 136.
LaTeX Font Info:    ... okay on input line 136.
LaTeX Font Info:    Checking defaults for T1/cmr/m/n on input line 136.
LaTeX Font Info:    ... okay on input line 136.
LaTeX Font Info:    Checking defaults for TS1/cmr/m/n on input line 136.
LaTeX Font Info:    ... okay on input line 136.
LaTeX Font Info:    Checking defaults for OMX/cmex/m/n on input line 136.
LaTeX Font Info:    ... okay on input line 136.
LaTeX Font Info:    Checking defaults for U/cmr/m/n on input line 136.
LaTeX Font Info:    ... okay on input line 136.
LaTeX Font Info:    Checking defaults for PD1/pdf/m/n on input line 136.
LaTeX Font Info:    ... okay on input line 136.
LaTeX Font Info:    Checking defaults for PU/pdf/m/n on input line 136.
LaTeX Font Info:    ... okay on input line 136.

(/usr/local/texlive/2025/texmf-dist/tex/context/base/mkii/supp-pdf.mkii
[Loading MPS to PDF converter (version 2006.09.02).]
\scratchcounter=\count290
\scratchdimen=\dimen163
\scratchbox=\box60
\nofMPsegments=\count291
\nofMParguments=\count292
\everyMPshowfont=\toks29
\MPscratchCnt=\count293
\MPscratchDim=\dimen164
\MPnumerator=\count294
\makeMPintoPDFobject=\count295
\everyMPtoPDFconversion=\toks30
)
Package hyperref Info: Link coloring OFF on input line 136.
 (./himanshu-singh-resume.out) (./himanshu-singh-resume.out)
\@outlinefile=\write3
\openout3 = `himanshu-singh-resume.out'.

\c@mv@tabular=\count296
\c@mv@boldtabular=\count297
LaTeX Font Info:    Trying to load font information for U+fontawesomefree2 on i
nput line 141.

(/usr/local/texlive/2025/texmf-dist/tex/latex/fontawesome5/ufontawesomefree2.fd
)
contour: Using 16 copies for `+91 9585719381' on input line 141.
LaTeX Font Info:    External font `cmex10' loaded for size
(Font)              <7> on input line 141.
LaTeX Font Info:    External font `cmex10' loaded for size
(Font)              <5> on input line 141.
LaTeX Font Info:    Trying to load font information for U+lasy on input line 14
1.
(/usr/local/texlive/2025/texmf-dist/tex/latex/base/ulasy.fd
File: ulasy.fd 1998/08/17 v2.2e LaTeX symbol font definitions
)
LaTeX Font Info:    Trying to load font information for U+fontawesomefree1 on i
nput line 142.

(/usr/local/texlive/2025/texmf-dist/tex/latex/fontawesome5/ufontawesomefree1.fd
)
contour: Using 16 copies for `singhhimanshu004@gmail.com' on input line 142.
LaTeX Font Info:    Trying to load font information for U+fontawesomebrands0 on
 input line 143.

(/usr/local/texlive/2025/texmf-dist/tex/latex/fontawesome5/ufontawesomebrands0.
fd)
LaTeX Font Info:    Font shape `U/fontawesomebrands0/solid/n' in size <10> not 
available
(Font)              Font shape `U/fontawesomebrands0/regular/n' tried instead o
n input line 143.

contour: Using 16 copies for `singhhimanshu004' on input line 143.
contour: Using 16 copies for `singhhimanshu004' on input line 144.
LaTeX Font Info:    Trying to load font information for T1+FiraMono-TLF on inpu
t line 145.
(/usr/local/texlive/2025/texmf-dist/tex/latex/fira/T1FiraMono-TLF.fd
File: T1FiraMono-TLF.fd 2019/10/10 (autoinst) Font definitions for T1/FiraMono-
TLF.
)
LaTeX Font Info:    Font shape `T1/FiraMono-TLF/m/n' in size <10> not available

(Font)              Font shape `T1/FiraMono-TLF/regular/n' tried instead on inp
ut line 145.
LaTeX Font Info:    Font shape `T1/FiraMono-TLF/regular/n' will be
(Font)              scaled to size 8.99994pt on input line 145.
LaTeX Font Info:    External font `cmex10' loaded for size
(Font)              <10.95> on input line 155.
LaTeX Font Info:    External font `cmex10' loaded for size
(Font)              <8> on input line 155.
LaTeX Font Info:    External font `cmex10' loaded for size
(Font)              <6> on input line 155.



Package fancyhdr Warning: \footskip is too small (0.0pt): 
(fancyhdr)                Make it at least 4.08003pt, for example:
(fancyhdr)                \setlength{\footskip}{4.08003pt}.

[1

{/usr/local/texlive/2025/texmf-var/fonts/map/pdftex/updmap/pdftex.map}{/usr/loc
al/texlive/2025/texmf-dist/fonts/enc/dvips/tex-gyre/q-ec.enc}{/usr/local/texliv
e/2025/texmf-dist/fonts/enc/dvips/fontawesome5/fa5free2.enc}{/usr/local/texlive
/2025/texmf-dist/fonts/enc/dvips/fontawesome5/fa5free1.enc}{/usr/local/texlive/
2025/texmf-dist/fonts/enc/dvips/fontawesome5/fa5brands0.enc}{/usr/local/texlive
/2025/texmf-dist/fonts/enc/dvips/fira/fir_i3ioen.enc}]


Package fancyhdr Warning: \footskip is too small (0.0pt): 
(fancyhdr)                Make it at least 4.08003pt, for example:
(fancyhdr)                \setlength{\footskip}{4.08003pt}.

[2] (./himanshu-singh-resume.aux)
 ***********
LaTeX2e <2024-11-01> patch level 2
L3 programming layer <2025-01-18>
 ***********
Package rerunfilecheck Info: File `himanshu-singh-resume.out' has not changed.
(rerunfilecheck)             Checksum: 8299E1BD0DF7E146EDBCD9B7FC4E3BB7;440.
 ) 
Here is how much of TeX's memory you used:
 15152 strings out of 473190
 262148 string characters out of 5715800
 683641 words of memory out of 5000000
 38191 multiletter control sequences out of 15000+600000
 587685 words of font info for 64 fonts, out of 8000000 for 9000
 1141 hyphenation exceptions out of 8191
 75i,11n,79p,334b,665s stack positions out of 10000i,1000n,20000p,200000b,200000s
</usr/local/texlive/2025/texmf-dist/fonts/type1/public/fira/FiraMono-Regular.
pfb></usr/local/texlive/2025/texmf-dist/fonts/type1/public/fontawesome5/FontAwe
some5Brands-Regular.pfb></usr/local/texlive/2025/texmf-dist/fonts/type1/public/
fontawesome5/FontAwesome5Free-Solid.pfb></usr/local/texlive/2025/texmf-dist/fon
ts/type1/public/amsfonts/cm/cmsy10.pfb></usr/local/texlive/2025/texmf-dist/font
s/type1/public/amsfonts/cm/cmsy6.pfb></usr/local/texlive/2025/texmf-dist/fonts/
type1/public/tex-gyre/qhvb.pfb></usr/local/texlive/2025/texmf-dist/fonts/type1/
public/tex-gyre/qhvr.pfb></usr/local/texlive/2025/texmf-dist/fonts/type1/public
/tex-gyre/qhvri.pfb>
Output written on himanshu-singh-resume.pdf (2 pages, 159056 bytes).
PDF statistics:
 92 PDF objects out of 1000 (max. 8388607)
 70 compressed objects within 1 object stream
 8 named destinations out of 1000 (max. 500000)
 41 words of extra memory for PDF output out of 10000 (max. 10000000)

